[35m[Appium][39m Welcome to Appium v1.21.0
[35m[Appium][39m Non-default server args:
[35m[Appium][39m   port: 49396
[35m[Appium][39m   loglevel: info
[35m[Appium][39m   tmpDir: C:\Users\BRI\AppData\Local\Temp\\Katalon\Appium\Temp1670690849778
[35m[Appium][39m   chromedriverPort: 49397
[35m[Appium][39m Deprecated server args:
[35m[Appium][39m   [31m--chromedriver-port[39m => --default-capabilities
[35m[Appium][39m Default capabilities, which will be added to each request unless overridden by desired capabilities:
[35m[Appium][39m   chromedriverPort: 49397
[35m[Appium][39m Appium REST http interface listener started on 0.0.0.0:49396
[35m[HTTP][39m [37m-->[39m [37mGET[39m [37m/wd/hub/status[39m
[35m[HTTP][39m [90m{}[39m
[35m[HTTP][39m [37m<-- GET /wd/hub/status [39m[32m200[39m [90m16 ms - 68[39m
[35m[HTTP][39m [90m[39m
[35m[HTTP][39m [37m-->[39m [37mGET[39m [37m/wd/hub/status[39m
[35m[HTTP][39m [90m{}[39m
[35m[HTTP][39m [37m<-- GET /wd/hub/status [39m[32m200[39m [90m2 ms - 68[39m
[35m[HTTP][39m [90m[39m
[35m[HTTP][39m [37m-->[39m [37mPOST[39m [37m/wd/hub/session[39m
[35m[HTTP][39m [90m{"desiredCapabilities":{"app":"D:\\Training Katalon\\Assignment2_ulfaazizah\\apk\\Solodroid_E-CommerceApp Demo_3.2.0.apk","noReset":true,"deviceName":"Realme RMX1851 (Android 11)","fullReset":false,"platform":"ANDROID","newCommandTimeout":1800,"platformVersion":"11","automationName":"uiautomator2","autoGrantPermissions":true,"platformName":"Android","udid":"d9aa9a65","systemPort":49408},"capabilities":{"firstMatch":[{"appium:app":"D:\\Training Katalon\\Assignment2_ulfaazizah\\apk\\Solodroid_E-CommerceApp Demo_3.2.0.apk","appium:autoGrantPermissions":true,"appium:automationName":"uiautomator2","appium:deviceName":"Realme RMX1851 (Android 11)","appium:fullReset":false,"appium:newCommandTimeout":1800,"appium:noReset":true,"platform":"ANDROID","platformName":"android","appium:platformVersion":"11","appium:systemPort":49408,"appium:udid":"d9aa9a65"}]}}[39m
[35m[BaseDriver][39m The following capabilities are not standard capabilities and should have an extension prefix:
[35m[BaseDriver][39m   platform
[35m[BaseDriver][39m   chromedriverPort
[35m[Appium][39m Appium v1.21.0 creating new AndroidUiautomator2Driver (v1.65.0) session
[35m[BaseDriver][39m The following capabilities were provided, but are not recognized by Appium:
[35m[BaseDriver][39m   platform
[35m[BaseDriver][39m Session created with session id: fbe3e185-5664-46d8-8394-746a6b4a161c
[35m[BaseDriver][39m Using local app 'D:\Training Katalon\Assignment2_ulfaazizah\apk\Solodroid_E-CommerceApp Demo_3.2.0.apk'
[35m[ADB][39m Found 1 'build-tools' folders under 'C:\Users\BRI\.katalon\tools\android_sdk' (newest first):
[35m[ADB][39m     C:/Users/BRI/.katalon/tools/android_sdk/build-tools/29.0.0
[35m[ADB][39m Using 'adb.exe' from 'C:\Users\BRI\.katalon\tools\android_sdk\platform-tools\adb.exe'
[35m[AndroidDriver][39m Retrieving device list
[35m[AndroidDriver][39m Using device: d9aa9a65
[35m[ADB][39m Using 'adb.exe' from 'C:\Users\BRI\.katalon\tools\android_sdk\platform-tools\adb.exe'
[35m[ADB][39m Getting device platform version
[35m[UiAutomator2][39m Relaxing hidden api policy
[35m[ADB][39m Package name: 'com.solodroid.solomerce'
[35m[ADB][39m Main activity name: 'com.solodroid.solomerce.activities.ActivitySplash'
[35m[ADB][39m Using 'apksigner.jar' from 'C:\Users\BRI\.katalon\tools\android_sdk\build-tools\29.0.0\lib\apksigner.jar'
[35m[ADB][39m 'C:\Users\BRI\AppData\Roaming\npm\node_modules\appium\node_modules\appium-uiautomator2-server\apks\appium-uiautomator2-server-v4.21.1.apk' is signed with the default certificate
[35m[ADB][39m 'C:\Users\BRI\AppData\Roaming\npm\node_modules\appium\node_modules\appium-uiautomator2-server\apks\appium-uiautomator2-server-debug-androidTest.apk' is signed with the default certificate
[35m[UiAutomator2][39m Server packages are not going to be (re)installed
[35m[ADB][39m Adding packages ["io.appium.settings","io.appium.uiautomator2.server","io.appium.uiautomator2.server.test"] to Doze whitelist
[35m[ADB][39m 'D:\Training Katalon\Assignment2_ulfaazizah\apk\Solodroid_E-CommerceApp Demo_3.2.0.apk' is signed with a non-default certificate
[35m[ADB][39m The application at 'D:\Training Katalon\Assignment2_ulfaazizah\apk\Solodroid_E-CommerceApp Demo_3.2.0.apk' will not be cached, because the device under test has confirmed the support of streamed installs
[35m[ADB][39m The installation of 'Solodroid_E-CommerceApp Demo_3.2.0.apk' took 3846ms
[35m[UiAutomator2][39m Starting UIAutomator2 server 4.21.1
[35m[UiAutomator2][39m Using UIAutomator2 server from 'C:\Users\BRI\AppData\Roaming\npm\node_modules\appium\node_modules\appium-uiautomator2-server\apks\appium-uiautomator2-server-v4.21.1.apk' and test from 'C:\Users\BRI\AppData\Roaming\npm\node_modules\appium\node_modules\appium-uiautomator2-server\apks\appium-uiautomator2-server-debug-androidTest.apk'
[35m[UiAutomator2][39m Waiting up to 30000ms for UiAutomator2 to be online...
[35m[WD Proxy][39m socket hang up
[35m[WD Proxy][39m socket hang up
[35m[WD Proxy][39m socket hang up
[35m[WD Proxy][39m socket hang up
[35m[WD Proxy][39m Determined the downstream protocol as 'W3C'
[35m[AndroidDriver][39m Screen already unlocked, doing nothing
[35m[UiAutomator2][39m Starting 'com.solodroid.solomerce/com.solodroid.solomerce.activities.ActivitySplash and waiting for 'com.solodroid.solomerce/com.solodroid.solomerce.activities.ActivitySplash'
[35m[Appium][39m New AndroidUiautomator2Driver session created successfully, session fbe3e185-5664-46d8-8394-746a6b4a161c added to master session list
[35m[HTTP][39m [37m<-- POST /wd/hub/session [39m[32m200[39m [90m20151 ms - 1320[39m
[35m[HTTP][39m [90m[39m
[35m[HTTP][39m [37m-->[39m [37mGET[39m [37m/wd/hub/session/fbe3e185-5664-46d8-8394-746a6b4a161c[39m
[35m[HTTP][39m [90m{}[39m
[35m[HTTP][39m [37m<-- GET /wd/hub/session/fbe3e185-5664-46d8-8394-746a6b4a161c [39m[32m200[39m [90m21 ms - 1274[39m
[35m[HTTP][39m [90m[39m
[35m[HTTP][39m [37m-->[39m [37mGET[39m [37m/wd/hub/session/fbe3e185-5664-46d8-8394-746a6b4a161c[39m
[35m[HTTP][39m [90m{}[39m
[35m[HTTP][39m [37m<-- GET /wd/hub/session/fbe3e185-5664-46d8-8394-746a6b4a161c [39m[32m200[39m [90m15 ms - 1274[39m
[35m[HTTP][39m [90m[39m
[35m[HTTP][39m [37m-->[39m [37mGET[39m [37m/wd/hub/status[39m
[35m[HTTP][39m [90m{}[39m
[35m[HTTP][39m [37m<-- GET /wd/hub/status [39m[32m200[39m [90m2 ms - 68[39m
[35m[HTTP][39m [90m[39m
[35m[HTTP][39m [37m-->[39m [37mPOST[39m [37m/wd/hub/session/fbe3e185-5664-46d8-8394-746a6b4a161c/timeouts[39m
[35m[HTTP][39m [90m{"implicit":60000}[39m
[35m[HTTP][39m [37m<-- POST /wd/hub/session/fbe3e185-5664-46d8-8394-746a6b4a161c/timeouts [39m[32m200[39m [90m13 ms - 14[39m
[35m[HTTP][39m [90m[39m
[35m[HTTP][39m [37m-->[39m [37mGET[39m [37m/wd/hub/session/fbe3e185-5664-46d8-8394-746a6b4a161c/source[39m
[35m[HTTP][39m [90m{}[39m
[35m[W3C (fbe3e185)][39m Driver proxy active, passing request on via HTTP proxy
[35m[WD Proxy][39m Replacing sessionId aa468ff5-fd47-4551-a0b4-028200a6b7eb with fbe3e185-5664-46d8-8394-746a6b4a161c
[35m[HTTP][39m [37m<-- GET /wd/hub/session/fbe3e185-5664-46d8-8394-746a6b4a161c/source [39m[32m200[39m [90m92 ms - 3679[39m
[35m[HTTP][39m [90m[39m
[35m[HTTP][39m [37m-->[39m [37mGET[39m [37m/wd/hub/session/fbe3e185-5664-46d8-8394-746a6b4a161c/screenshot[39m
[35m[HTTP][39m [90m{}[39m
[35m[HTTP][39m [37m<-- GET /wd/hub/session/fbe3e185-5664-46d8-8394-746a6b4a161c/screenshot [39m[32m200[39m [90m612 ms - 348694[39m
[35m[HTTP][39m [90m[39m
[35m[HTTP][39m [37m-->[39m [37mGET[39m [37m/wd/hub/session/fbe3e185-5664-46d8-8394-746a6b4a161c/source[39m
[35m[HTTP][39m [90m{}[39m
[35m[W3C (fbe3e185)][39m Driver proxy active, passing request on via HTTP proxy
[35m[WD Proxy][39m Replacing sessionId aa468ff5-fd47-4551-a0b4-028200a6b7eb with fbe3e185-5664-46d8-8394-746a6b4a161c
[35m[HTTP][39m [37m<-- GET /wd/hub/session/fbe3e185-5664-46d8-8394-746a6b4a161c/source [39m[32m200[39m [90m175 ms - 21357[39m
[35m[HTTP][39m [90m[39m
[35m[HTTP][39m [37m-->[39m [37mGET[39m [37m/wd/hub/session/fbe3e185-5664-46d8-8394-746a6b4a161c/screenshot[39m
[35m[HTTP][39m [90m{}[39m
[35m[HTTP][39m [37m<-- GET /wd/hub/session/fbe3e185-5664-46d8-8394-746a6b4a161c/screenshot [39m[32m200[39m [90m1677 ms - 2139804[39m
[35m[HTTP][39m [90m[39m
[35m[HTTP][39m [37m-->[39m [37mPOST[39m [37m/wd/hub/session/fbe3e185-5664-46d8-8394-746a6b4a161c/elements[39m
[35m[HTTP][39m [90m{"using":"xpath","value":"//*[@class = 'android.widget.TextView' and (@text = 'Bathroom Toilet Wall Shelves A289' or . = 'Bathroom Toilet Wall Shelves A289') and @resource-id = 'com.solodroid.solomerce:id/product_name']"}[39m
[35m[HTTP][39m [37m<-- POST /wd/hub/session/fbe3e185-5664-46d8-8394-746a6b4a161c/elements [39m[32m200[39m [90m217 ms - 139[39m
[35m[HTTP][39m [90m[39m
[35m[HTTP][39m [37m-->[39m [37mGET[39m [37m/wd/hub/session/fbe3e185-5664-46d8-8394-746a6b4a161c/window/rect[39m
[35m[HTTP][39m [90m{}[39m
[35m[HTTP][39m [37m<-- GET /wd/hub/session/fbe3e185-5664-46d8-8394-746a6b4a161c/window/rect [39m[32m200[39m [90m81 ms - 50[39m
[35m[HTTP][39m [90m[39m
[35m[HTTP][39m [37m-->[39m [37mPOST[39m [37m/wd/hub/session/fbe3e185-5664-46d8-8394-746a6b4a161c/elements[39m
[35m[HTTP][39m [90m{"using":"xpath","value":"//*[@class = 'android.widget.TextView' and (@text = 'Bathroom Toilet Wall Shelves A289' or . = 'Bathroom Toilet Wall Shelves A289') and @resource-id = 'com.solodroid.solomerce:id/product_name']"}[39m
[35m[HTTP][39m [37m<-- POST /wd/hub/session/fbe3e185-5664-46d8-8394-746a6b4a161c/elements [39m[32m200[39m [90m176 ms - 139[39m
[35m[HTTP][39m [90m[39m
[35m[HTTP][39m [37m-->[39m [37mGET[39m [37m/wd/hub/session/fbe3e185-5664-46d8-8394-746a6b4a161c/element/87ec40af-2dca-4f7f-a94b-c66cfe715d0d/location[39m
[35m[HTTP][39m [90m{}[39m
[35m[W3C (fbe3e185)][39m Driver proxy active, passing request on via HTTP proxy
[35m[WD Proxy][39m Replacing sessionId aa468ff5-fd47-4551-a0b4-028200a6b7eb with fbe3e185-5664-46d8-8394-746a6b4a161c
[35m[HTTP][39m [37m<-- GET /wd/hub/session/fbe3e185-5664-46d8-8394-746a6b4a161c/element/87ec40af-2dca-4f7f-a94b-c66cfe715d0d/location [39m[32m200[39m [90m64 ms - 77[39m
[35m[HTTP][39m [90m[39m
[35m[HTTP][39m [37m-->[39m [37mGET[39m [37m/wd/hub/session/fbe3e185-5664-46d8-8394-746a6b4a161c/element/87ec40af-2dca-4f7f-a94b-c66cfe715d0d/text[39m
[35m[HTTP][39m [90m{}[39m
[35m[W3C (fbe3e185)][39m Driver proxy active, passing request on via HTTP proxy
[35m[WD Proxy][39m Replacing sessionId aa468ff5-fd47-4551-a0b4-028200a6b7eb with fbe3e185-5664-46d8-8394-746a6b4a161c
[35m[HTTP][39m [37m<-- GET /wd/hub/session/fbe3e185-5664-46d8-8394-746a6b4a161c/element/87ec40af-2dca-4f7f-a94b-c66cfe715d0d/text [39m[32m200[39m [90m39 ms - 96[39m
[35m[HTTP][39m [90m[39m
[35m[HTTP][39m [37m-->[39m [37mGET[39m [37m/wd/hub/session/fbe3e185-5664-46d8-8394-746a6b4a161c/source[39m
[35m[HTTP][39m [90m{}[39m
[35m[W3C (fbe3e185)][39m Driver proxy active, passing request on via HTTP proxy
[35m[WD Proxy][39m Replacing sessionId aa468ff5-fd47-4551-a0b4-028200a6b7eb with fbe3e185-5664-46d8-8394-746a6b4a161c
[35m[HTTP][39m [37m<-- GET /wd/hub/session/fbe3e185-5664-46d8-8394-746a6b4a161c/source [39m[32m200[39m [90m183 ms - 21357[39m
[35m[HTTP][39m [90m[39m
[35m[HTTP][39m [37m-->[39m [37mGET[39m [37m/wd/hub/session/fbe3e185-5664-46d8-8394-746a6b4a161c/screenshot[39m
[35m[HTTP][39m [90m{}[39m
[35m[HTTP][39m [37m<-- GET /wd/hub/session/fbe3e185-5664-46d8-8394-746a6b4a161c/screenshot [39m[32m200[39m [90m1723 ms - 2139656[39m
[35m[HTTP][39m [90m[39m
[35m[HTTP][39m [37m-->[39m [37mPOST[39m [37m/wd/hub/session/fbe3e185-5664-46d8-8394-746a6b4a161c/elements[39m
[35m[HTTP][39m [90m{"using":"xpath","value":"//*[@class = 'android.widget.ImageButton' and (@text = '' or . = '')]"}[39m
[35m[HTTP][39m [37m<-- POST /wd/hub/session/fbe3e185-5664-46d8-8394-746a6b4a161c/elements [39m[32m200[39m [90m119 ms - 139[39m
[35m[HTTP][39m [90m[39m
[35m[HTTP][39m [37m-->[39m [37mGET[39m [37m/wd/hub/session/fbe3e185-5664-46d8-8394-746a6b4a161c/window/rect[39m
[35m[HTTP][39m [90m{}[39m
[35m[HTTP][39m [37m<-- GET /wd/hub/session/fbe3e185-5664-46d8-8394-746a6b4a161c/window/rect [39m[32m200[39m [90m22 ms - 50[39m
[35m[HTTP][39m [90m[39m
[35m[HTTP][39m [37m-->[39m [37mPOST[39m [37m/wd/hub/session/fbe3e185-5664-46d8-8394-746a6b4a161c/elements[39m
[35m[HTTP][39m [90m{"using":"xpath","value":"//*[@class = 'android.widget.ImageButton' and (@text = '' or . = '')]"}[39m
[35m[HTTP][39m [37m<-- POST /wd/hub/session/fbe3e185-5664-46d8-8394-746a6b4a161c/elements [39m[32m200[39m [90m143 ms - 139[39m
[35m[HTTP][39m [90m[39m
[35m[HTTP][39m [37m-->[39m [37mGET[39m [37m/wd/hub/session/fbe3e185-5664-46d8-8394-746a6b4a161c/element/dc698876-45d1-4b3a-bb53-002464f46ca0/location[39m
[35m[HTTP][39m [90m{}[39m
[35m[W3C (fbe3e185)][39m Driver proxy active, passing request on via HTTP proxy
[35m[WD Proxy][39m Replacing sessionId aa468ff5-fd47-4551-a0b4-028200a6b7eb with fbe3e185-5664-46d8-8394-746a6b4a161c
[35m[HTTP][39m [37m<-- GET /wd/hub/session/fbe3e185-5664-46d8-8394-746a6b4a161c/element/dc698876-45d1-4b3a-bb53-002464f46ca0/location [39m[32m200[39m [90m33 ms - 75[39m
[35m[HTTP][39m [90m[39m
[35m[HTTP][39m [37m-->[39m [37mPOST[39m [37m/wd/hub/session/fbe3e185-5664-46d8-8394-746a6b4a161c/element/dc698876-45d1-4b3a-bb53-002464f46ca0/click[39m
[35m[HTTP][39m [90m{"id":"dc698876-45d1-4b3a-bb53-002464f46ca0"}[39m
[35m[HTTP][39m [37m<-- POST /wd/hub/session/fbe3e185-5664-46d8-8394-746a6b4a161c/element/dc698876-45d1-4b3a-bb53-002464f46ca0/click [39m[32m200[39m [90m98 ms - 14[39m
[35m[HTTP][39m [90m[39m
[35m[HTTP][39m [37m-->[39m [37mGET[39m [37m/wd/hub/session/fbe3e185-5664-46d8-8394-746a6b4a161c/source[39m
[35m[HTTP][39m [90m{}[39m
[35m[W3C (fbe3e185)][39m Driver proxy active, passing request on via HTTP proxy
[35m[WD Proxy][39m Replacing sessionId aa468ff5-fd47-4551-a0b4-028200a6b7eb with fbe3e185-5664-46d8-8394-746a6b4a161c
[35m[HTTP][39m [37m<-- GET /wd/hub/session/fbe3e185-5664-46d8-8394-746a6b4a161c/source [39m[32m200[39m [90m410 ms - 33704[39m
[35m[HTTP][39m [90m[39m
[35m[HTTP][39m [37m-->[39m [37mGET[39m [37m/wd/hub/session/fbe3e185-5664-46d8-8394-746a6b4a161c/screenshot[39m
[35m[HTTP][39m [90m{}[39m
[35m[HTTP][39m [37m<-- GET /wd/hub/session/fbe3e185-5664-46d8-8394-746a6b4a161c/screenshot [39m[32m200[39m [90m604 ms - 278206[39m
[35m[HTTP][39m [90m[39m
[35m[HTTP][39m [37m-->[39m [37mPOST[39m [37m/wd/hub/session/fbe3e185-5664-46d8-8394-746a6b4a161c/elements[39m
[35m[HTTP][39m [90m{"using":"xpath","value":"//*[@class = 'android.widget.TextView' and (@text = 'Health & Sports' or . = 'Health & Sports') and @resource-id = 'com.solodroid.solomerce:id/category_name']"}[39m
[35m[HTTP][39m [37m<-- POST /wd/hub/session/fbe3e185-5664-46d8-8394-746a6b4a161c/elements [39m[32m200[39m [90m193 ms - 139[39m
[35m[HTTP][39m [90m[39m
[35m[HTTP][39m [37m-->[39m [37mGET[39m [37m/wd/hub/session/fbe3e185-5664-46d8-8394-746a6b4a161c/window/rect[39m
[35m[HTTP][39m [90m{}[39m
[35m[HTTP][39m [37m<-- GET /wd/hub/session/fbe3e185-5664-46d8-8394-746a6b4a161c/window/rect [39m[32m200[39m [90m22 ms - 50[39m
[35m[HTTP][39m [90m[39m
[35m[HTTP][39m [37m-->[39m [37mPOST[39m [37m/wd/hub/session/fbe3e185-5664-46d8-8394-746a6b4a161c/elements[39m
[35m[HTTP][39m [90m{"using":"xpath","value":"//*[@class = 'android.widget.TextView' and (@text = 'Health & Sports' or . = 'Health & Sports') and @resource-id = 'com.solodroid.solomerce:id/category_name']"}[39m
[35m[HTTP][39m [37m<-- POST /wd/hub/session/fbe3e185-5664-46d8-8394-746a6b4a161c/elements [39m[32m200[39m [90m188 ms - 139[39m
[35m[HTTP][39m [90m[39m
[35m[HTTP][39m [37m-->[39m [37mGET[39m [37m/wd/hub/session/fbe3e185-5664-46d8-8394-746a6b4a161c/element/9bb4bc94-25e5-4f06-89c0-281ab79383c7/location[39m
[35m[HTTP][39m [90m{}[39m
[35m[W3C (fbe3e185)][39m Driver proxy active, passing request on via HTTP proxy
[35m[WD Proxy][39m Replacing sessionId aa468ff5-fd47-4551-a0b4-028200a6b7eb with fbe3e185-5664-46d8-8394-746a6b4a161c
[35m[HTTP][39m [37m<-- GET /wd/hub/session/fbe3e185-5664-46d8-8394-746a6b4a161c/element/9bb4bc94-25e5-4f06-89c0-281ab79383c7/location [39m[32m200[39m [90m52 ms - 79[39m
[35m[HTTP][39m [90m[39m
[35m[HTTP][39m [37m-->[39m [37mPOST[39m [37m/wd/hub/session/fbe3e185-5664-46d8-8394-746a6b4a161c/element/9bb4bc94-25e5-4f06-89c0-281ab79383c7/click[39m
[35m[HTTP][39m [90m{"id":"9bb4bc94-25e5-4f06-89c0-281ab79383c7"}[39m
[35m[HTTP][39m [37m<-- POST /wd/hub/session/fbe3e185-5664-46d8-8394-746a6b4a161c/element/9bb4bc94-25e5-4f06-89c0-281ab79383c7/click [39m[32m200[39m [90m2095 ms - 14[39m
[35m[HTTP][39m [90m[39m
[35m[HTTP][39m [37m-->[39m [37mGET[39m [37m/wd/hub/session/fbe3e185-5664-46d8-8394-746a6b4a161c/source[39m
[35m[HTTP][39m [90m{}[39m
[35m[W3C (fbe3e185)][39m Driver proxy active, passing request on via HTTP proxy
[35m[WD Proxy][39m Replacing sessionId aa468ff5-fd47-4551-a0b4-028200a6b7eb with fbe3e185-5664-46d8-8394-746a6b4a161c
[35m[HTTP][39m [37m<-- GET /wd/hub/session/fbe3e185-5664-46d8-8394-746a6b4a161c/source [39m[32m200[39m [90m161 ms - 21296[39m
[35m[HTTP][39m [90m[39m
[35m[HTTP][39m [37m-->[39m [37mGET[39m [37m/wd/hub/session/fbe3e185-5664-46d8-8394-746a6b4a161c/screenshot[39m
[35m[HTTP][39m [90m{}[39m
[35m[HTTP][39m [37m<-- GET /wd/hub/session/fbe3e185-5664-46d8-8394-746a6b4a161c/screenshot [39m[32m200[39m [90m1363 ms - 1703278[39m
[35m[HTTP][39m [90m[39m
[35m[HTTP][39m [37m-->[39m [37mPOST[39m [37m/wd/hub/session/fbe3e185-5664-46d8-8394-746a6b4a161c/elements[39m
[35m[HTTP][39m [90m{"using":"xpath","value":"//*[@class = 'android.widget.TextView' and (@text = 'Health & Sports' or . = 'Health & Sports')]"}[39m
[35m[HTTP][39m [37m<-- POST /wd/hub/session/fbe3e185-5664-46d8-8394-746a6b4a161c/elements [39m[32m200[39m [90m622 ms - 139[39m
[35m[HTTP][39m [90m[39m
[35m[HTTP][39m [37m-->[39m [37mGET[39m [37m/wd/hub/session/fbe3e185-5664-46d8-8394-746a6b4a161c/window/rect[39m
[35m[HTTP][39m [90m{}[39m
[35m[HTTP][39m [37m<-- GET /wd/hub/session/fbe3e185-5664-46d8-8394-746a6b4a161c/window/rect [39m[32m200[39m [90m29 ms - 50[39m
[35m[HTTP][39m [90m[39m
[35m[HTTP][39m [37m-->[39m [37mPOST[39m [37m/wd/hub/session/fbe3e185-5664-46d8-8394-746a6b4a161c/elements[39m
[35m[HTTP][39m [90m{"using":"xpath","value":"//*[@class = 'android.widget.TextView' and (@text = 'Health & Sports' or . = 'Health & Sports')]"}[39m
[35m[HTTP][39m [37m<-- POST /wd/hub/session/fbe3e185-5664-46d8-8394-746a6b4a161c/elements [39m[32m200[39m [90m148 ms - 139[39m
[35m[HTTP][39m [90m[39m
[35m[HTTP][39m [37m-->[39m [37mGET[39m [37m/wd/hub/session/fbe3e185-5664-46d8-8394-746a6b4a161c/element/ceef16c2-a5e3-440e-9e40-7e0508e23cd7/location[39m
[35m[HTTP][39m [90m{}[39m
[35m[W3C (fbe3e185)][39m Driver proxy active, passing request on via HTTP proxy
[35m[WD Proxy][39m Replacing sessionId aa468ff5-fd47-4551-a0b4-028200a6b7eb with fbe3e185-5664-46d8-8394-746a6b4a161c
[35m[HTTP][39m [37m<-- GET /wd/hub/session/fbe3e185-5664-46d8-8394-746a6b4a161c/element/ceef16c2-a5e3-440e-9e40-7e0508e23cd7/location [39m[32m200[39m [90m38 ms - 78[39m
[35m[HTTP][39m [90m[39m
[35m[HTTP][39m [37m-->[39m [37mGET[39m [37m/wd/hub/session/fbe3e185-5664-46d8-8394-746a6b4a161c/element/ceef16c2-a5e3-440e-9e40-7e0508e23cd7/text[39m
[35m[HTTP][39m [90m{}[39m
[35m[W3C (fbe3e185)][39m Driver proxy active, passing request on via HTTP proxy
[35m[WD Proxy][39m Replacing sessionId aa468ff5-fd47-4551-a0b4-028200a6b7eb with fbe3e185-5664-46d8-8394-746a6b4a161c
[35m[HTTP][39m [37m<-- GET /wd/hub/session/fbe3e185-5664-46d8-8394-746a6b4a161c/element/ceef16c2-a5e3-440e-9e40-7e0508e23cd7/text [39m[32m200[39m [90m38 ms - 78[39m
[35m[HTTP][39m [90m[39m
[35m[HTTP][39m [37m-->[39m [37mGET[39m [37m/wd/hub/session/fbe3e185-5664-46d8-8394-746a6b4a161c/source[39m
[35m[HTTP][39m [90m{}[39m
[35m[W3C (fbe3e185)][39m Driver proxy active, passing request on via HTTP proxy
[35m[WD Proxy][39m Replacing sessionId aa468ff5-fd47-4551-a0b4-028200a6b7eb with fbe3e185-5664-46d8-8394-746a6b4a161c
[35m[HTTP][39m [37m<-- GET /wd/hub/session/fbe3e185-5664-46d8-8394-746a6b4a161c/source [39m[32m200[39m [90m165 ms - 21296[39m
[35m[HTTP][39m [90m[39m
[35m[HTTP][39m [37m-->[39m [37mGET[39m [37m/wd/hub/session/fbe3e185-5664-46d8-8394-746a6b4a161c/screenshot[39m
[35m[HTTP][39m [90m{}[39m
[35m[HTTP][39m [37m<-- GET /wd/hub/session/fbe3e185-5664-46d8-8394-746a6b4a161c/screenshot [39m[32m200[39m [90m1443 ms - 1703036[39m
[35m[HTTP][39m [90m[39m
[35m[HTTP][39m [37m-->[39m [37mPOST[39m [37m/wd/hub/session/fbe3e185-5664-46d8-8394-746a6b4a161c/elements[39m
[35m[HTTP][39m [90m{"using":"xpath","value":"//*[@class = 'android.widget.TextView' and (@text = 'Electric Treadmill TL 650' or . = 'Electric Treadmill TL 650') and @resource-id = 'com.solodroid.solomerce:id/product_name']"}[39m
[35m[HTTP][39m [37m<-- POST /wd/hub/session/fbe3e185-5664-46d8-8394-746a6b4a161c/elements [39m[32m200[39m [90m102 ms - 139[39m
[35m[HTTP][39m [90m[39m
[35m[HTTP][39m [37m-->[39m [37mGET[39m [37m/wd/hub/session/fbe3e185-5664-46d8-8394-746a6b4a161c/window/rect[39m
[35m[HTTP][39m [90m{}[39m
[35m[HTTP][39m [37m<-- GET /wd/hub/session/fbe3e185-5664-46d8-8394-746a6b4a161c/window/rect [39m[32m200[39m [90m25 ms - 50[39m
[35m[HTTP][39m [90m[39m
[35m[HTTP][39m [37m-->[39m [37mPOST[39m [37m/wd/hub/session/fbe3e185-5664-46d8-8394-746a6b4a161c/elements[39m
[35m[HTTP][39m [90m{"using":"xpath","value":"//*[@class = 'android.widget.TextView' and (@text = 'Electric Treadmill TL 650' or . = 'Electric Treadmill TL 650') and @resource-id = 'com.solodroid.solomerce:id/product_name']"}[39m
[35m[HTTP][39m [37m<-- POST /wd/hub/session/fbe3e185-5664-46d8-8394-746a6b4a161c/elements [39m[32m200[39m [90m122 ms - 139[39m
[35m[HTTP][39m [90m[39m
[35m[HTTP][39m [37m-->[39m [37mGET[39m [37m/wd/hub/session/fbe3e185-5664-46d8-8394-746a6b4a161c/element/3e3360b1-7763-4653-9c33-2d9af37e5196/location[39m
[35m[HTTP][39m [90m{}[39m
[35m[W3C (fbe3e185)][39m Driver proxy active, passing request on via HTTP proxy
[35m[WD Proxy][39m Replacing sessionId aa468ff5-fd47-4551-a0b4-028200a6b7eb with fbe3e185-5664-46d8-8394-746a6b4a161c
[35m[HTTP][39m [37m<-- GET /wd/hub/session/fbe3e185-5664-46d8-8394-746a6b4a161c/element/3e3360b1-7763-4653-9c33-2d9af37e5196/location [39m[32m200[39m [90m41 ms - 77[39m
[35m[HTTP][39m [90m[39m
[35m[HTTP][39m [37m-->[39m [37mGET[39m [37m/wd/hub/session/fbe3e185-5664-46d8-8394-746a6b4a161c/element/3e3360b1-7763-4653-9c33-2d9af37e5196/text[39m
[35m[HTTP][39m [90m{}[39m
[35m[W3C (fbe3e185)][39m Driver proxy active, passing request on via HTTP proxy
[35m[WD Proxy][39m Replacing sessionId aa468ff5-fd47-4551-a0b4-028200a6b7eb with fbe3e185-5664-46d8-8394-746a6b4a161c
[35m[HTTP][39m [37m<-- GET /wd/hub/session/fbe3e185-5664-46d8-8394-746a6b4a161c/element/3e3360b1-7763-4653-9c33-2d9af37e5196/text [39m[32m200[39m [90m27 ms - 88[39m
[35m[HTTP][39m [90m[39m
[35m[HTTP][39m [37m-->[39m [37mGET[39m [37m/wd/hub/session/fbe3e185-5664-46d8-8394-746a6b4a161c/source[39m
[35m[HTTP][39m [90m{}[39m
[35m[W3C (fbe3e185)][39m Driver proxy active, passing request on via HTTP proxy
[35m[WD Proxy][39m Replacing sessionId aa468ff5-fd47-4551-a0b4-028200a6b7eb with fbe3e185-5664-46d8-8394-746a6b4a161c
[35m[HTTP][39m [37m<-- GET /wd/hub/session/fbe3e185-5664-46d8-8394-746a6b4a161c/source [39m[32m200[39m [90m153 ms - 21296[39m
[35m[HTTP][39m [90m[39m
[35m[HTTP][39m [37m-->[39m [37mGET[39m [37m/wd/hub/session/fbe3e185-5664-46d8-8394-746a6b4a161c/screenshot[39m
[35m[HTTP][39m [90m{}[39m
[35m[HTTP][39m [37m<-- GET /wd/hub/session/fbe3e185-5664-46d8-8394-746a6b4a161c/screenshot [39m[32m200[39m [90m1483 ms - 1702938[39m
[35m[HTTP][39m [90m[39m
[35m[HTTP][39m [37m-->[39m [37mPOST[39m [37m/wd/hub/session/fbe3e185-5664-46d8-8394-746a6b4a161c/elements[39m
[35m[HTTP][39m [90m{"using":"xpath","value":"//*[@class = 'android.widget.ImageButton' and (@text = '' or . = '')]"}[39m
[35m[HTTP][39m [37m<-- POST /wd/hub/session/fbe3e185-5664-46d8-8394-746a6b4a161c/elements [39m[32m200[39m [90m165 ms - 139[39m
[35m[HTTP][39m [90m[39m
[35m[HTTP][39m [37m-->[39m [37mGET[39m [37m/wd/hub/session/fbe3e185-5664-46d8-8394-746a6b4a161c/window/rect[39m
[35m[HTTP][39m [90m{}[39m
[35m[HTTP][39m [37m<-- GET /wd/hub/session/fbe3e185-5664-46d8-8394-746a6b4a161c/window/rect [39m[32m200[39m [90m26 ms - 50[39m
[35m[HTTP][39m [90m[39m
[35m[HTTP][39m [37m-->[39m [37mPOST[39m [37m/wd/hub/session/fbe3e185-5664-46d8-8394-746a6b4a161c/elements[39m
[35m[HTTP][39m [90m{"using":"xpath","value":"//*[@class = 'android.widget.ImageButton' and (@text = '' or . = '')]"}[39m
[35m[HTTP][39m [37m<-- POST /wd/hub/session/fbe3e185-5664-46d8-8394-746a6b4a161c/elements [39m[32m200[39m [90m113 ms - 139[39m
[35m[HTTP][39m [90m[39m
[35m[HTTP][39m [37m-->[39m [37mGET[39m [37m/wd/hub/session/fbe3e185-5664-46d8-8394-746a6b4a161c/element/827b7eb6-ceb1-4806-bdcd-be61a8a9a206/location[39m
[35m[HTTP][39m [90m{}[39m
[35m[W3C (fbe3e185)][39m Driver proxy active, passing request on via HTTP proxy
[35m[WD Proxy][39m Replacing sessionId aa468ff5-fd47-4551-a0b4-028200a6b7eb with fbe3e185-5664-46d8-8394-746a6b4a161c
[35m[HTTP][39m [37m<-- GET /wd/hub/session/fbe3e185-5664-46d8-8394-746a6b4a161c/element/827b7eb6-ceb1-4806-bdcd-be61a8a9a206/location [39m[32m200[39m [90m63 ms - 75[39m
[35m[HTTP][39m [90m[39m
[35m[HTTP][39m [37m-->[39m [37mPOST[39m [37m/wd/hub/session/fbe3e185-5664-46d8-8394-746a6b4a161c/element/827b7eb6-ceb1-4806-bdcd-be61a8a9a206/click[39m
[35m[HTTP][39m [90m{"id":"827b7eb6-ceb1-4806-bdcd-be61a8a9a206"}[39m
[35m[HTTP][39m [37m<-- POST /wd/hub/session/fbe3e185-5664-46d8-8394-746a6b4a161c/element/827b7eb6-ceb1-4806-bdcd-be61a8a9a206/click [39m[32m200[39m [90m100 ms - 14[39m
[35m[HTTP][39m [90m[39m
[35m[HTTP][39m [37m-->[39m [37mGET[39m [37m/wd/hub/session/fbe3e185-5664-46d8-8394-746a6b4a161c/source[39m
[35m[HTTP][39m [90m{}[39m
[35m[W3C (fbe3e185)][39m Driver proxy active, passing request on via HTTP proxy
[35m[WD Proxy][39m Replacing sessionId aa468ff5-fd47-4551-a0b4-028200a6b7eb with fbe3e185-5664-46d8-8394-746a6b4a161c
[35m[HTTP][39m [37m<-- GET /wd/hub/session/fbe3e185-5664-46d8-8394-746a6b4a161c/source [39m[32m200[39m [90m358 ms - 33704[39m
[35m[HTTP][39m [90m[39m
[35m[HTTP][39m [37m-->[39m [37mGET[39m [37m/wd/hub/session/fbe3e185-5664-46d8-8394-746a6b4a161c/screenshot[39m
[35m[HTTP][39m [90m{}[39m
[35m[HTTP][39m [37m<-- GET /wd/hub/session/fbe3e185-5664-46d8-8394-746a6b4a161c/screenshot [39m[32m200[39m [90m624 ms - 278202[39m
[35m[HTTP][39m [90m[39m
[35m[HTTP][39m [37m-->[39m [37mPOST[39m [37m/wd/hub/session/fbe3e185-5664-46d8-8394-746a6b4a161c/elements[39m
[35m[HTTP][39m [90m{"using":"xpath","value":"//*[@class = 'android.widget.TextView' and (@text = 'Office & Industry' or . = 'Office & Industry') and @resource-id = 'com.solodroid.solomerce:id/category_name']"}[39m
[35m[HTTP][39m [37m<-- POST /wd/hub/session/fbe3e185-5664-46d8-8394-746a6b4a161c/elements [39m[32m200[39m [90m177 ms - 139[39m
[35m[HTTP][39m [90m[39m
[35m[HTTP][39m [37m-->[39m [37mGET[39m [37m/wd/hub/session/fbe3e185-5664-46d8-8394-746a6b4a161c/window/rect[39m
[35m[HTTP][39m [90m{}[39m
[35m[HTTP][39m [37m<-- GET /wd/hub/session/fbe3e185-5664-46d8-8394-746a6b4a161c/window/rect [39m[32m200[39m [90m35 ms - 50[39m
[35m[HTTP][39m [90m[39m
[35m[HTTP][39m [37m-->[39m [37mPOST[39m [37m/wd/hub/session/fbe3e185-5664-46d8-8394-746a6b4a161c/elements[39m
[35m[HTTP][39m [90m{"using":"xpath","value":"//*[@class = 'android.widget.TextView' and (@text = 'Office & Industry' or . = 'Office & Industry') and @resource-id = 'com.solodroid.solomerce:id/category_name']"}[39m
[35m[HTTP][39m [37m<-- POST /wd/hub/session/fbe3e185-5664-46d8-8394-746a6b4a161c/elements [39m[32m200[39m [90m183 ms - 139[39m
[35m[HTTP][39m [90m[39m
[35m[HTTP][39m [37m-->[39m [37mGET[39m [37m/wd/hub/session/fbe3e185-5664-46d8-8394-746a6b4a161c/element/27d1ab14-d049-49ef-ab9b-a33039c6db6b/location[39m
[35m[HTTP][39m [90m{}[39m
[35m[W3C (fbe3e185)][39m Driver proxy active, passing request on via HTTP proxy
[35m[WD Proxy][39m Replacing sessionId aa468ff5-fd47-4551-a0b4-028200a6b7eb with fbe3e185-5664-46d8-8394-746a6b4a161c
[35m[HTTP][39m [37m<-- GET /wd/hub/session/fbe3e185-5664-46d8-8394-746a6b4a161c/element/27d1ab14-d049-49ef-ab9b-a33039c6db6b/location [39m[32m200[39m [90m39 ms - 79[39m
[35m[HTTP][39m [90m[39m
[35m[HTTP][39m [37m-->[39m [37mPOST[39m [37m/wd/hub/session/fbe3e185-5664-46d8-8394-746a6b4a161c/element/27d1ab14-d049-49ef-ab9b-a33039c6db6b/click[39m
[35m[HTTP][39m [90m{"id":"27d1ab14-d049-49ef-ab9b-a33039c6db6b"}[39m
[35m[HTTP][39m [37m<-- POST /wd/hub/session/fbe3e185-5664-46d8-8394-746a6b4a161c/element/27d1ab14-d049-49ef-ab9b-a33039c6db6b/click [39m[32m200[39m [90m2475 ms - 14[39m
[35m[HTTP][39m [90m[39m
[35m[HTTP][39m [37m-->[39m [37mGET[39m [37m/wd/hub/session/fbe3e185-5664-46d8-8394-746a6b4a161c/source[39m
[35m[HTTP][39m [90m{}[39m
[35m[W3C (fbe3e185)][39m Driver proxy active, passing request on via HTTP proxy
[35m[WD Proxy][39m Replacing sessionId aa468ff5-fd47-4551-a0b4-028200a6b7eb with fbe3e185-5664-46d8-8394-746a6b4a161c
[35m[HTTP][39m [37m<-- GET /wd/hub/session/fbe3e185-5664-46d8-8394-746a6b4a161c/source [39m[32m200[39m [90m151 ms - 21378[39m
[35m[HTTP][39m [90m[39m
[35m[HTTP][39m [37m-->[39m [37mGET[39m [37m/wd/hub/session/fbe3e185-5664-46d8-8394-746a6b4a161c/screenshot[39m
[35m[HTTP][39m [90m{}[39m
[35m[HTTP][39m [37m<-- GET /wd/hub/session/fbe3e185-5664-46d8-8394-746a6b4a161c/screenshot [39m[32m200[39m [90m1564 ms - 1974168[39m
[35m[HTTP][39m [90m[39m
[35m[HTTP][39m [37m-->[39m [37mPOST[39m [37m/wd/hub/session/fbe3e185-5664-46d8-8394-746a6b4a161c/elements[39m
[35m[HTTP][39m [90m{"using":"xpath","value":"//*[@class = 'android.widget.TextView' and (@text = 'Office & Industry' or . = 'Office & Industry')]"}[39m
[35m[HTTP][39m [37m<-- POST /wd/hub/session/fbe3e185-5664-46d8-8394-746a6b4a161c/elements [39m[32m200[39m [90m111 ms - 139[39m
[35m[HTTP][39m [90m[39m
[35m[HTTP][39m [37m-->[39m [37mGET[39m [37m/wd/hub/session/fbe3e185-5664-46d8-8394-746a6b4a161c/window/rect[39m
[35m[HTTP][39m [90m{}[39m
[35m[HTTP][39m [37m<-- GET /wd/hub/session/fbe3e185-5664-46d8-8394-746a6b4a161c/window/rect [39m[32m200[39m [90m25 ms - 50[39m
[35m[HTTP][39m [90m[39m
[35m[HTTP][39m [37m-->[39m [37mPOST[39m [37m/wd/hub/session/fbe3e185-5664-46d8-8394-746a6b4a161c/elements[39m
[35m[HTTP][39m [90m{"using":"xpath","value":"//*[@class = 'android.widget.TextView' and (@text = 'Office & Industry' or . = 'Office & Industry')]"}[39m
[35m[HTTP][39m [37m<-- POST /wd/hub/session/fbe3e185-5664-46d8-8394-746a6b4a161c/elements [39m[32m200[39m [90m107 ms - 139[39m
[35m[HTTP][39m [90m[39m
[35m[HTTP][39m [37m-->[39m [37mGET[39m [37m/wd/hub/session/fbe3e185-5664-46d8-8394-746a6b4a161c/element/7bfc233d-6e0e-486d-a403-8bb60e1d347e/location[39m
[35m[HTTP][39m [90m{}[39m
[35m[W3C (fbe3e185)][39m Driver proxy active, passing request on via HTTP proxy
[35m[WD Proxy][39m Replacing sessionId aa468ff5-fd47-4551-a0b4-028200a6b7eb with fbe3e185-5664-46d8-8394-746a6b4a161c
[35m[HTTP][39m [37m<-- GET /wd/hub/session/fbe3e185-5664-46d8-8394-746a6b4a161c/element/7bfc233d-6e0e-486d-a403-8bb60e1d347e/location [39m[32m200[39m [90m53 ms - 78[39m
[35m[HTTP][39m [90m[39m
[35m[HTTP][39m [37m-->[39m [37mGET[39m [37m/wd/hub/session/fbe3e185-5664-46d8-8394-746a6b4a161c/element/7bfc233d-6e0e-486d-a403-8bb60e1d347e/text[39m
[35m[HTTP][39m [90m{}[39m
[35m[W3C (fbe3e185)][39m Driver proxy active, passing request on via HTTP proxy
[35m[WD Proxy][39m Replacing sessionId aa468ff5-fd47-4551-a0b4-028200a6b7eb with fbe3e185-5664-46d8-8394-746a6b4a161c
[35m[HTTP][39m [37m<-- GET /wd/hub/session/fbe3e185-5664-46d8-8394-746a6b4a161c/element/7bfc233d-6e0e-486d-a403-8bb60e1d347e/text [39m[32m200[39m [90m47 ms - 80[39m
[35m[HTTP][39m [90m[39m
[35m[HTTP][39m [37m-->[39m [37mGET[39m [37m/wd/hub/session/fbe3e185-5664-46d8-8394-746a6b4a161c/source[39m
[35m[HTTP][39m [90m{}[39m
[35m[W3C (fbe3e185)][39m Driver proxy active, passing request on via HTTP proxy
[35m[WD Proxy][39m Replacing sessionId aa468ff5-fd47-4551-a0b4-028200a6b7eb with fbe3e185-5664-46d8-8394-746a6b4a161c
[35m[HTTP][39m [37m<-- GET /wd/hub/session/fbe3e185-5664-46d8-8394-746a6b4a161c/source [39m[32m200[39m [90m114 ms - 21378[39m
[35m[HTTP][39m [90m[39m
[35m[HTTP][39m [37m-->[39m [37mGET[39m [37m/wd/hub/session/fbe3e185-5664-46d8-8394-746a6b4a161c/screenshot[39m
[35m[HTTP][39m [90m{}[39m
[35m[HTTP][39m [37m<-- GET /wd/hub/session/fbe3e185-5664-46d8-8394-746a6b4a161c/screenshot [39m[32m200[39m [90m1568 ms - 1973886[39m
[35m[HTTP][39m [90m[39m
[35m[HTTP][39m [37m-->[39m [37mPOST[39m [37m/wd/hub/session/fbe3e185-5664-46d8-8394-746a6b4a161c/elements[39m
[35m[HTTP][39m [90m{"using":"xpath","value":"//*[@class = 'android.widget.TextView' and (@text = 'Winsor & Newton Designers Gouache - Introductory Set' or . = 'Winsor & Newton Designers Gouache - Introductory Set') and @resource-id = 'com.solodroid.solomerce:id/product_name']"}[39m
[35m[HTTP][39m [37m<-- POST /wd/hub/session/fbe3e185-5664-46d8-8394-746a6b4a161c/elements [39m[32m200[39m [90m107 ms - 139[39m
[35m[HTTP][39m [90m[39m
[35m[HTTP][39m [37m-->[39m [37mGET[39m [37m/wd/hub/session/fbe3e185-5664-46d8-8394-746a6b4a161c/window/rect[39m
[35m[HTTP][39m [90m{}[39m
[35m[HTTP][39m [37m<-- GET /wd/hub/session/fbe3e185-5664-46d8-8394-746a6b4a161c/window/rect [39m[32m200[39m [90m23 ms - 50[39m
[35m[HTTP][39m [90m[39m
[35m[HTTP][39m [37m-->[39m [37mPOST[39m [37m/wd/hub/session/fbe3e185-5664-46d8-8394-746a6b4a161c/elements[39m
[35m[HTTP][39m [90m{"using":"xpath","value":"//*[@class = 'android.widget.TextView' and (@text = 'Winsor & Newton Designers Gouache - Introductory Set' or . = 'Winsor & Newton Designers Gouache - Introductory Set') and @resource-id = 'com.solodroid.solomerce:id/product_name']"}[39m
[35m[HTTP][39m [37m<-- POST /wd/hub/session/fbe3e185-5664-46d8-8394-746a6b4a161c/elements [39m[32m200[39m [90m127 ms - 139[39m
[35m[HTTP][39m [90m[39m
[35m[HTTP][39m [37m-->[39m [37mGET[39m [37m/wd/hub/session/fbe3e185-5664-46d8-8394-746a6b4a161c/element/5580c150-fcbd-4a7c-bd37-312257e6ab4a/location[39m
[35m[HTTP][39m [90m{}[39m
[35m[W3C (fbe3e185)][39m Driver proxy active, passing request on via HTTP proxy
[35m[WD Proxy][39m Replacing sessionId aa468ff5-fd47-4551-a0b4-028200a6b7eb with fbe3e185-5664-46d8-8394-746a6b4a161c
[35m[HTTP][39m [37m<-- GET /wd/hub/session/fbe3e185-5664-46d8-8394-746a6b4a161c/element/5580c150-fcbd-4a7c-bd37-312257e6ab4a/location [39m[32m200[39m [90m39 ms - 77[39m
[35m[HTTP][39m [90m[39m
[35m[HTTP][39m [37m-->[39m [37mGET[39m [37m/wd/hub/session/fbe3e185-5664-46d8-8394-746a6b4a161c/element/5580c150-fcbd-4a7c-bd37-312257e6ab4a/text[39m
[35m[HTTP][39m [90m{}[39m
[35m[W3C (fbe3e185)][39m Driver proxy active, passing request on via HTTP proxy
[35m[WD Proxy][39m Replacing sessionId aa468ff5-fd47-4551-a0b4-028200a6b7eb with fbe3e185-5664-46d8-8394-746a6b4a161c
[35m[HTTP][39m [37m<-- GET /wd/hub/session/fbe3e185-5664-46d8-8394-746a6b4a161c/element/5580c150-fcbd-4a7c-bd37-312257e6ab4a/text [39m[32m200[39m [90m40 ms - 115[39m
[35m[HTTP][39m [90m[39m
[35m[HTTP][39m [37m-->[39m [37mGET[39m [37m/wd/hub/session/fbe3e185-5664-46d8-8394-746a6b4a161c/source[39m
[35m[HTTP][39m [90m{}[39m
[35m[W3C (fbe3e185)][39m Driver proxy active, passing request on via HTTP proxy
[35m[WD Proxy][39m Replacing sessionId aa468ff5-fd47-4551-a0b4-028200a6b7eb with fbe3e185-5664-46d8-8394-746a6b4a161c
[35m[HTTP][39m [37m<-- GET /wd/hub/session/fbe3e185-5664-46d8-8394-746a6b4a161c/source [39m[32m200[39m [90m85 ms - 21378[39m
[35m[HTTP][39m [90m[39m
[35m[HTTP][39m [37m-->[39m [37mGET[39m [37m/wd/hub/session/fbe3e185-5664-46d8-8394-746a6b4a161c/screenshot[39m
[35m[HTTP][39m [90m{}[39m
[35m[HTTP][39m [37m<-- GET /wd/hub/session/fbe3e185-5664-46d8-8394-746a6b4a161c/screenshot [39m[32m200[39m [90m1538 ms - 1974168[39m
[35m[HTTP][39m [90m[39m
[35m[HTTP][39m [37m-->[39m [37mPOST[39m [37m/wd/hub/session/fbe3e185-5664-46d8-8394-746a6b4a161c/elements[39m
[35m[HTTP][39m [90m{"using":"xpath","value":"//*[@class = 'android.widget.ImageButton' and (@text = '' or . = '')]"}[39m
[35m[HTTP][39m [37m<-- POST /wd/hub/session/fbe3e185-5664-46d8-8394-746a6b4a161c/elements [39m[32m200[39m [90m690 ms - 139[39m
[35m[HTTP][39m [90m[39m
[35m[HTTP][39m [37m-->[39m [37mGET[39m [37m/wd/hub/session/fbe3e185-5664-46d8-8394-746a6b4a161c/window/rect[39m
[35m[HTTP][39m [90m{}[39m
[35m[HTTP][39m [37m<-- GET /wd/hub/session/fbe3e185-5664-46d8-8394-746a6b4a161c/window/rect [39m[32m200[39m [90m32 ms - 50[39m
[35m[HTTP][39m [90m[39m
[35m[HTTP][39m [37m-->[39m [37mPOST[39m [37m/wd/hub/session/fbe3e185-5664-46d8-8394-746a6b4a161c/elements[39m
[35m[HTTP][39m [90m{"using":"xpath","value":"//*[@class = 'android.widget.ImageButton' and (@text = '' or . = '')]"}[39m
[35m[HTTP][39m [37m<-- POST /wd/hub/session/fbe3e185-5664-46d8-8394-746a6b4a161c/elements [39m[32m200[39m [90m97 ms - 139[39m
[35m[HTTP][39m [90m[39m
[35m[HTTP][39m [37m-->[39m [37mGET[39m [37m/wd/hub/session/fbe3e185-5664-46d8-8394-746a6b4a161c/element/953774b4-bb96-4879-9a61-1c43714abbf2/location[39m
[35m[HTTP][39m [90m{}[39m
[35m[W3C (fbe3e185)][39m Driver proxy active, passing request on via HTTP proxy
[35m[WD Proxy][39m Replacing sessionId aa468ff5-fd47-4551-a0b4-028200a6b7eb with fbe3e185-5664-46d8-8394-746a6b4a161c
[35m[HTTP][39m [37m<-- GET /wd/hub/session/fbe3e185-5664-46d8-8394-746a6b4a161c/element/953774b4-bb96-4879-9a61-1c43714abbf2/location [39m[32m200[39m [90m56 ms - 75[39m
[35m[HTTP][39m [90m[39m
[35m[HTTP][39m [37m-->[39m [37mPOST[39m [37m/wd/hub/session/fbe3e185-5664-46d8-8394-746a6b4a161c/element/953774b4-bb96-4879-9a61-1c43714abbf2/click[39m
[35m[HTTP][39m [90m{"id":"953774b4-bb96-4879-9a61-1c43714abbf2"}[39m
[35m[HTTP][39m [37m<-- POST /wd/hub/session/fbe3e185-5664-46d8-8394-746a6b4a161c/element/953774b4-bb96-4879-9a61-1c43714abbf2/click [39m[32m200[39m [90m109 ms - 14[39m
[35m[HTTP][39m [90m[39m
[35m[HTTP][39m [37m-->[39m [37mGET[39m [37m/wd/hub/session/fbe3e185-5664-46d8-8394-746a6b4a161c/source[39m
[35m[HTTP][39m [90m{}[39m
[35m[W3C (fbe3e185)][39m Driver proxy active, passing request on via HTTP proxy
[35m[WD Proxy][39m Replacing sessionId aa468ff5-fd47-4551-a0b4-028200a6b7eb with fbe3e185-5664-46d8-8394-746a6b4a161c
[35m[HTTP][39m [37m<-- GET /wd/hub/session/fbe3e185-5664-46d8-8394-746a6b4a161c/source [39m[32m200[39m [90m365 ms - 33704[39m
[35m[HTTP][39m [90m[39m
[35m[HTTP][39m [37m-->[39m [37mGET[39m [37m/wd/hub/session/fbe3e185-5664-46d8-8394-746a6b4a161c/screenshot[39m
[35m[HTTP][39m [90m{}[39m
[35m[HTTP][39m [37m<-- GET /wd/hub/session/fbe3e185-5664-46d8-8394-746a6b4a161c/screenshot [39m[32m200[39m [90m628 ms - 278412[39m
[35m[HTTP][39m [90m[39m
[35m[HTTP][39m [37m-->[39m [37mDELETE[39m [37m/wd/hub/session/fbe3e185-5664-46d8-8394-746a6b4a161c[39m
[35m[HTTP][39m [90m{}[39m
[35m[Appium][39m Removing session fbe3e185-5664-46d8-8394-746a6b4a161c from our master session list
[35m[UiAutomator2][39m Restoring hidden api policy to the device default configuration
[35m[HTTP][39m [37m<-- DELETE /wd/hub/session/fbe3e185-5664-46d8-8394-746a6b4a161c [39m[32m200[39m [90m744 ms - 14[39m
[35m[HTTP][39m [90m[39m
